[debug] [2023-07-13T08:39:51.258Z] ----------------------------------------------------------------------
[debug] [2023-07-13T08:39:51.261Z] Command:       C:\Program Files\nodejs\node.exe C:\Users\amitk\AppData\Roaming\npm\node_modules\firebase-tools\lib\bin\firebase.js init
[debug] [2023-07-13T08:39:51.262Z] CLI Version:   12.4.2
[debug] [2023-07-13T08:39:51.262Z] Platform:      win32
[debug] [2023-07-13T08:39:51.262Z] Node Version:  v20.3.1
[debug] [2023-07-13T08:39:51.263Z] Time:          Thu Jul 13 2023 14:09:51 GMT+0530 (India Standard Time)
[debug] [2023-07-13T08:39:51.263Z] ----------------------------------------------------------------------
[debug] 
[debug] [2023-07-13T08:39:51.272Z] > command requires scopes: ["email","openid","https://www.googleapis.com/auth/cloudplatformprojects.readonly","https://www.googleapis.com/auth/firebase","https://www.googleapis.com/auth/cloud-platform"]
[debug] [2023-07-13T08:39:51.273Z] > authorizing via signed-in user (amitkanase0411@gmail.com)
[info] 
     ######## #### ########  ######## ########     ###     ######  ########
     ##        ##  ##     ## ##       ##     ##  ##   ##  ##       ##
     ######    ##  ########  ######   ########  #########  ######  ######
     ##        ##  ##    ##  ##       ##     ## ##     ##       ## ##
     ##       #### ##     ## ######## ########  ##     ##  ######  ########

You're about to initialize a Firebase project in this directory:

  C:\Users\amitk\OneDrive\Desktop\amazon clone\netflix-clone

[debug] [2023-07-13T08:41:37.419Z] Error: Timed out.
    at Timeout._onTimeout (C:\Users\amitk\AppData\Roaming\npm\node_modules\firebase-tools\lib\utils.js:254:49)
    at listOnTimeout (node:internal/timers:573:17)
    at process.processTimers (node:internal/timers:514:7)
[error] 
[error] Error: An unexpected error has occurred.
